  Compiler.cpp
C:\Users\pinel\OneDrive\Documents\GitHub\Compiler\Compiler\Compiler\DataTable\PersistentTable.h(24,22): warning C4244: return: преобразование "__int64" в "int", возможна потеря данных
C:\Users\pinel\OneDrive\Documents\GitHub\Compiler\Compiler\Compiler\DataTable\PersistentTable.h(18,1): message : во время компиляции функции-члена класс шаблон "int PersistentTable<std::string>::Find(const DataType &)"
          with
          [
              DataType=std::string
          ]
C:\Program Files\Microsoft Visual Studio\2022\Community\VC\Tools\MSVC\14.35.32215\include\vector(2108,1): message : выполняется компиляция ссылки на экземпляр класс шаблон функции "PersistentTable<std::string>"
C:\Program Files\Microsoft Visual Studio\2022\Community\VC\Tools\MSVC\14.35.32215\include\vector(2098,1): message : во время компиляции функции-члена класс шаблон "void std::vector<PersistentTable<std::string>,std::allocator<PersistentTable<std::string>>>::_Tidy(void) noexcept"
C:\Program Files\Microsoft Visual Studio\2022\Community\VC\Tools\MSVC\14.35.32215\include\vector(830,14): message : выполняется компиляция ссылки на экземпляр шаблон функции "void std::vector<PersistentTable<std::string>,std::allocator<PersistentTable<std::string>>>::_Tidy(void) noexcept"
C:\Users\pinel\OneDrive\Documents\GitHub\Compiler\Compiler\Compiler\LexicalAnalyzer.h(45,34): message : выполняется компиляция ссылки на экземпляр класс шаблон функции "std::vector<PersistentTable<std::string>,std::allocator<PersistentTable<std::string>>>"
C:\Users\pinel\OneDrive\Documents\GitHub\Compiler\Compiler\Compiler\DataTable\VolatileTable.h(23,23): warning C4244: return: преобразование "__int64" в "int", возможна потеря данных
C:\Users\pinel\OneDrive\Documents\GitHub\Compiler\Compiler\Compiler\DataTable\VolatileTable.h(18,1): message : во время компиляции функции-члена класс шаблон "int VolatileTable<std::string>::Find(const DataType &)"
          with
          [
              DataType=std::string
          ]
C:\Users\pinel\OneDrive\Documents\GitHub\Compiler\Compiler\Compiler\LexicalAnalyzer.h(46,25): message : выполняется компиляция ссылки на экземпляр класс шаблон функции "VolatileTable<std::string>"
C:\Users\pinel\OneDrive\Documents\GitHub\Compiler\Compiler\Compiler\DataTable\VolatileTable.h(25,22): warning C4244: return: преобразование "__int64" в "int", возможна потеря данных
  LexicalAnalyzer.cpp
C:\Users\pinel\OneDrive\Documents\GitHub\Compiler\Compiler\Compiler\DataTable\PersistentTable.h(24,22): warning C4244: return: преобразование "__int64" в "int", возможна потеря данных
C:\Users\pinel\OneDrive\Documents\GitHub\Compiler\Compiler\Compiler\DataTable\PersistentTable.h(18,1): message : во время компиляции функции-члена класс шаблон "int PersistentTable<std::string>::Find(const DataType &)"
          with
          [
              DataType=std::string
          ]
C:\Users\pinel\OneDrive\Documents\GitHub\Compiler\Compiler\Compiler\LexicalAnalyzer.cpp(62,5): message : выполняется компиляция ссылки на экземпляр шаблон функции "int PersistentTable<std::string>::Find(const DataType &)"
          with
          [
              DataType=std::string
          ]
C:\Users\pinel\OneDrive\Documents\GitHub\Compiler\Compiler\Compiler\LexicalAnalyzer.cpp(10,26): message : выполняется компиляция ссылки на экземпляр класс шаблон функции "PersistentTable<std::string>"
C:\Users\pinel\OneDrive\Documents\GitHub\Compiler\Compiler\Compiler\DataTable\VolatileTable.h(23,23): warning C4244: return: преобразование "__int64" в "int", возможна потеря данных
C:\Users\pinel\OneDrive\Documents\GitHub\Compiler\Compiler\Compiler\DataTable\VolatileTable.h(18,1): message : во время компиляции функции-члена класс шаблон "int VolatileTable<std::string>::Find(const DataType &)"
          with
          [
              DataType=std::string
          ]
C:\Users\pinel\OneDrive\Documents\GitHub\Compiler\Compiler\Compiler\LexicalAnalyzer.cpp(36,22): message : выполняется компиляция ссылки на экземпляр шаблон функции "int VolatileTable<std::string>::Find(const DataType &)"
          with
          [
              DataType=std::string
          ]
C:\Users\pinel\OneDrive\Documents\GitHub\Compiler\Compiler\Compiler\LexicalAnalyzer.h(46,25): message : выполняется компиляция ссылки на экземпляр класс шаблон функции "VolatileTable<std::string>"
C:\Users\pinel\OneDrive\Documents\GitHub\Compiler\Compiler\Compiler\DataTable\VolatileTable.h(25,22): warning C4244: return: преобразование "__int64" в "int", возможна потеря данных
  Main.cpp
C:\Users\pinel\OneDrive\Documents\GitHub\Compiler\Compiler\Compiler\DataTable\PersistentTable.h(24,22): warning C4244: return: преобразование "__int64" в "int", возможна потеря данных
C:\Users\pinel\OneDrive\Documents\GitHub\Compiler\Compiler\Compiler\DataTable\PersistentTable.h(18,1): message : во время компиляции функции-члена класс шаблон "int PersistentTable<std::string>::Find(const DataType &)"
          with
          [
              DataType=std::string
          ]
C:\Program Files\Microsoft Visual Studio\2022\Community\VC\Tools\MSVC\14.35.32215\include\vector(2108,1): message : выполняется компиляция ссылки на экземпляр класс шаблон функции "PersistentTable<std::string>"
C:\Program Files\Microsoft Visual Studio\2022\Community\VC\Tools\MSVC\14.35.32215\include\vector(2098,1): message : во время компиляции функции-члена класс шаблон "void std::vector<PersistentTable<std::string>,std::allocator<PersistentTable<std::string>>>::_Tidy(void) noexcept"
C:\Program Files\Microsoft Visual Studio\2022\Community\VC\Tools\MSVC\14.35.32215\include\vector(830,14): message : выполняется компиляция ссылки на экземпляр шаблон функции "void std::vector<PersistentTable<std::string>,std::allocator<PersistentTable<std::string>>>::_Tidy(void) noexcept"
C:\Users\pinel\OneDrive\Documents\GitHub\Compiler\Compiler\Compiler\LexicalAnalyzer.h(45,34): message : выполняется компиляция ссылки на экземпляр класс шаблон функции "std::vector<PersistentTable<std::string>,std::allocator<PersistentTable<std::string>>>"
C:\Users\pinel\OneDrive\Documents\GitHub\Compiler\Compiler\Compiler\DataTable\VolatileTable.h(23,23): warning C4244: return: преобразование "__int64" в "int", возможна потеря данных
C:\Users\pinel\OneDrive\Documents\GitHub\Compiler\Compiler\Compiler\DataTable\VolatileTable.h(18,1): message : во время компиляции функции-члена класс шаблон "int VolatileTable<std::string>::Find(const DataType &)"
          with
          [
              DataType=std::string
          ]
C:\Users\pinel\OneDrive\Documents\GitHub\Compiler\Compiler\Compiler\LexicalAnalyzer.h(46,25): message : выполняется компиляция ссылки на экземпляр класс шаблон функции "VolatileTable<std::string>"
C:\Users\pinel\OneDrive\Documents\GitHub\Compiler\Compiler\Compiler\DataTable\VolatileTable.h(25,22): warning C4244: return: преобразование "__int64" в "int", возможна потеря данных
  Создание кода...
  Compiler.vcxproj -> C:\Users\pinel\OneDrive\Documents\GitHub\Compiler\Compiler\x64\Debug\Compiler.exe
